<?xml version="1.0" encoding="UTF-8"?>
<!-- Generated by org.testng.reporters.JUnitReportReporter -->
<testsuite hostname="DESKTOP-1TOPEL2" failures="0" tests="3" name="testNGpack2.DemoTest3" time="0.027" errors="0" timestamp="2023-05-23T09:55:04 IST" skipped="0">
  <testcase classname="testNGpack2.DemoTest3" name="i" time="0.006"/>
  <system-out>
    <![CDATA[i method]]>
  </system-out>
  <testcase classname="testNGpack2.DemoTest3" name="g" time="0.014"/>
  <system-out>
    <![CDATA[g method]]>
  </system-out>
  <testcase classname="testNGpack2.DemoTest3" name="h" time="0.007"/>
  <system-out>
    <![CDATA[h method]]>
  </system-out>
</testsuite> <!-- testNGpack2.DemoTest3 -->
