<?xml version="1.0" encoding="UTF-8"?>
<!-- Generated by org.testng.reporters.JUnitReportReporter -->
<testsuite hostname="DESKTOP-1TOPEL2" failures="0" tests="8" name="testNGFlags.PriorityFlag4" time="0.038" errors="0" timestamp="2023-05-26T10:39:40 IST" skipped="0">
  <testcase classname="testNGFlags.PriorityFlag4" name="h" time="0.006"/>
  <system-out>
    <![CDATA[h method]]>
  </system-out>
  <testcase classname="testNGFlags.PriorityFlag4" name="e" time="0.011"/>
  <system-out>
    <![CDATA[e method]]>
  </system-out>
  <testcase classname="testNGFlags.PriorityFlag4" name="g" time="0.006"/>
  <system-out>
    <![CDATA[g method]]>
  </system-out>
  <testcase classname="testNGFlags.PriorityFlag4" name="f" time="0.010"/>
  <system-out>
    <![CDATA[f method]]>
  </system-out>
  <testcase classname="testNGFlags.PriorityFlag4" name="c" time="0.002"/>
  <system-out>
    <![CDATA[c method]]>
  </system-out>
  <testcase classname="testNGFlags.PriorityFlag4" name="a" time="0.001"/>
  <system-out>
    <![CDATA[a method]]>
  </system-out>
  <testcase classname="testNGFlags.PriorityFlag4" name="b" time="0.001"/>
  <system-out>
    <![CDATA[b method]]>
  </system-out>
  <testcase classname="testNGFlags.PriorityFlag4" name="d" time="0.001"/>
  <system-out>
    <![CDATA[d method]]>
  </system-out>
</testsuite> <!-- testNGFlags.PriorityFlag4 -->
