<?xml version="1.0" encoding="UTF-8"?>
<!-- Generated by org.testng.reporters.JUnitReportReporter -->
<testsuite hostname="DESKTOP-1TOPEL2" failures="0" tests="3" name="testNGFlags.DependsOnFlag5" time="0.015" errors="0" timestamp="2023-05-26T10:58:53 IST" skipped="0">
  <testcase classname="testNGFlags.DependsOnFlag5" name="logOut" time="0.002"/>
  <system-out>
    <![CDATA[logout perform!!]]>
  </system-out>
  <testcase classname="testNGFlags.DependsOnFlag5" name="loginMehtod" time="0.010"/>
  <system-out>
    <![CDATA[login perform!!]]>
  </system-out>
  <testcase classname="testNGFlags.DependsOnFlag5" name="createUser" time="0.003"/>
  <system-out>
    <![CDATA[user created!!]]>
  </system-out>
</testsuite> <!-- testNGFlags.DependsOnFlag5 -->
