<?xml version="1.0" encoding="UTF-8"?>
<!-- Generated by org.testng.reporters.JUnitReportReporter -->
<testsuite hostname="DESKTOP-1TOPEL2" failures="0" tests="1" name="testNG.Demo" time="0.003" errors="0" timestamp="2023-05-22T10:42:23 IST" skipped="0">
  <testcase classname="testNG.Demo" name="demoMethod" time="0.003"/>
  <system-out>
    <![CDATA[Hii TestNG]]>
  </system-out>
</testsuite> <!-- testNG.Demo -->
