<?xml version="1.0" encoding="UTF-8"?>
<!-- Generated by org.testng.reporters.JUnitReportReporter -->
<testsuite hostname="DESKTOP-1TOPEL2" failures="0" tests="10" name="testNGFlags.Flag3" time="0.083" errors="0" timestamp="2023-05-26T10:20:06 IST" skipped="0">
  <testcase classname="testNGFlags.Flag3" name="method1" time="0.004"/>
  <system-out>
    <![CDATA[Login Test Case!!]]>
  </system-out>
  <testcase classname="testNGFlags.Flag3" name="method1" time="0.004"/>
  <system-out>
    <![CDATA[Login Test Case!!]]>
  </system-out>
  <testcase classname="testNGFlags.Flag3" name="method1" time="0.025"/>
  <system-out>
    <![CDATA[Login Test Case!!]]>
  </system-out>
  <testcase classname="testNGFlags.Flag3" name="method1" time="0.005"/>
  <system-out>
    <![CDATA[Login Test Case!!]]>
  </system-out>
  <testcase classname="testNGFlags.Flag3" name="method1" time="0.004"/>
  <system-out>
    <![CDATA[Login Test Case!!]]>
  </system-out>
  <testcase classname="testNGFlags.Flag3" name="method1" time="0.005"/>
  <system-out>
    <![CDATA[Login Test Case!!]]>
  </system-out>
  <testcase classname="testNGFlags.Flag3" name="method1" time="0.005"/>
  <system-out>
    <![CDATA[Login Test Case!!]]>
  </system-out>
  <testcase classname="testNGFlags.Flag3" name="method1" time="0.013"/>
  <system-out>
    <![CDATA[Login Test Case!!]]>
  </system-out>
  <testcase classname="testNGFlags.Flag3" name="method1" time="0.002"/>
  <system-out>
    <![CDATA[Login Test Case!!]]>
  </system-out>
  <testcase classname="testNGFlags.Flag3" name="method1" time="0.016"/>
  <system-out>
    <![CDATA[Login Test Case!!]]>
  </system-out>
</testsuite> <!-- testNGFlags.Flag3 -->
