<?xml version="1.0" encoding="UTF-8"?>
<!-- Generated by org.testng.reporters.JUnitReportReporter -->
<testsuite hostname="DESKTOP-1TOPEL2" failures="0" tests="1" name="testNG.Sumo" time="0.011" errors="0" timestamp="2023-05-22T10:42:23 IST" skipped="0">
  <testcase classname="testNG.Sumo" name="sumoMethod" time="0.011"/>
  <system-out>
    <![CDATA[Where is Selenium]]>
  </system-out>
</testsuite> <!-- testNG.Sumo -->
