<?xml version="1.0" encoding="UTF-8"?>
<!-- Generated by org.testng.reporters.JUnitReportReporter -->
<testsuite hostname="DESKTOP-1TOPEL2" failures="0" tests="1" name="testNGannotation.ParallelTestExicution" time="8.250" errors="0" timestamp="2023-05-24T10:01:45 IST" skipped="0">
  <testcase classname="testNGannotation.ParallelTestExicution" name="search1" time="8.250"/>
  <system-out/>
</testsuite> <!-- testNGannotation.ParallelTestExicution -->
