<?xml version="1.0" encoding="UTF-8"?>
<!-- Generated by org.testng.reporters.JUnitReportReporter -->
<testsuite hostname="DESKTOP-1TOPEL2" failures="0" tests="3" name="testNGpack2.DemoTest1" time="0.009" errors="0" timestamp="2023-05-24T09:26:48 IST" skipped="0">
  <testcase classname="testNGpack2.DemoTest1" name="a" time="0.003"/>
  <system-out>
    <![CDATA[a method]]>
  </system-out>
  <testcase classname="testNGpack2.DemoTest1" name="c" time="0.004"/>
  <system-out>
    <![CDATA[c method]]>
  </system-out>
  <testcase classname="testNGpack2.DemoTest1" name="b" time="0.002"/>
  <system-out>
    <![CDATA[b method]]>
  </system-out>
</testsuite> <!-- testNGpack2.DemoTest1 -->
