<?xml version="1.0" encoding="UTF-8"?>
<!-- Generated by org.testng.reporters.JUnitReportReporter -->
<testsuite hostname="DESKTOP-1TOPEL2" failures="0" tests="1" name="testNGpack2.Test3" time="5.381" errors="0" timestamp="2023-05-22T10:57:53 IST" skipped="0">
  <testcase classname="testNGpack2.Test3" name="test3Method" time="5.381"/>
  <system-out/>
</testsuite> <!-- testNGpack2.Test3 -->
