<?xml version="1.0" encoding="UTF-8"?>
<!-- Generated by org.testng.reporters.JUnitReportReporter -->
<testsuite hostname="DESKTOP-1TOPEL2" failures="0" tests="2" name="testNGExecution.SelectBrowser" time="17.259" errors="0" timestamp="2023-05-25T10:43:00 IST" skipped="0">
  <testcase classname="testNGExecution.SelectBrowser" name="method1" time="10.775"/>
  <system-out/>
  <testcase classname="testNGExecution.SelectBrowser" name="method1" time="6.484"/>
  <system-out/>
</testsuite> <!-- testNGExecution.SelectBrowser -->
