<?xml version="1.0" encoding="UTF-8"?>
<!-- Generated by org.testng.reporters.JUnitReportReporter -->
<testsuite hostname="DESKTOP-1TOPEL2" failures="0" tests="2" name="testNGannotation.Annotation" time="0.005" errors="0" timestamp="2023-05-24T09:34:32 IST" skipped="0">
  <testcase classname="testNGannotation.Annotation" name="testMethod2" time="0.001"/>
  <system-out>
    <![CDATA[Test Annotation2]]>
  </system-out>
  <testcase classname="testNGannotation.Annotation" name="f" time="0.004"/>
  <system-out>
    <![CDATA[f]]>
  </system-out>
</testsuite> <!-- testNGannotation.Annotation -->
