<?xml version="1.0" encoding="UTF-8"?>
<!-- Generated by org.testng.reporters.JUnitReportReporter -->
<testsuite hostname="DESKTOP-1TOPEL2" failures="0" tests="12" name="testNGFlags.GroupsFlag7" time="0.043" errors="0" timestamp="2023-05-27T10:13:23 IST" skipped="0">
  <testcase classname="testNGFlags.GroupsFlag7" name="ft4" time="0.002"/>
  <system-out>
    <![CDATA[FTC4]]>
  </system-out>
  <testcase classname="testNGFlags.GroupsFlag7" name="ft6" time="0.002"/>
  <system-out>
    <![CDATA[FTC6]]>
  </system-out>
  <testcase classname="testNGFlags.GroupsFlag7" name="it2" time="0.003"/>
  <system-out>
    <![CDATA[ITC2]]>
  </system-out>
  <testcase classname="testNGFlags.GroupsFlag7" name="it3" time="0.002"/>
  <system-out>
    <![CDATA[ITC3]]>
  </system-out>
  <testcase classname="testNGFlags.GroupsFlag7" name="it4" time="0.006"/>
  <system-out>
    <![CDATA[ITC4]]>
  </system-out>
  <testcase classname="testNGFlags.GroupsFlag7" name="it6" time="0.002"/>
  <system-out>
    <![CDATA[ITC6]]>
  </system-out>
  <testcase classname="testNGFlags.GroupsFlag7" name="ft2" time="0.004"/>
  <system-out>
    <![CDATA[FTC2]]>
  </system-out>
  <testcase classname="testNGFlags.GroupsFlag7" name="ft3" time="0.003"/>
  <system-out>
    <![CDATA[FTC3]]>
  </system-out>
  <testcase classname="testNGFlags.GroupsFlag7" name="ft1" time="0.010"/>
  <system-out>
    <![CDATA[FTC1]]>
  </system-out>
  <testcase classname="testNGFlags.GroupsFlag7" name="it1" time="0.004"/>
  <system-out>
    <![CDATA[ITC1]]>
  </system-out>
  <testcase classname="testNGFlags.GroupsFlag7" name="ft5" time="0.002"/>
  <system-out>
    <![CDATA[FTC5]]>
  </system-out>
  <testcase classname="testNGFlags.GroupsFlag7" name="it5" time="0.003"/>
  <system-out>
    <![CDATA[ITC5]]>
  </system-out>
</testsuite> <!-- testNGFlags.GroupsFlag7 -->
