<?xml version="1.0" encoding="UTF-8"?>
<!-- Generated by org.testng.reporters.JUnitReportReporter -->
<testsuite hostname="DESKTOP-1TOPEL2" failures="0" tests="1" name="testNGpack2.Test1" time="5.081" errors="0" timestamp="2023-05-24T10:11:33 IST" skipped="0">
  <testcase classname="testNGpack2.Test1" name="test1Method" time="5.081"/>
  <system-out/>
</testsuite> <!-- testNGpack2.Test1 -->
