<?xml version="1.0" encoding="UTF-8"?>
<!-- Generated by org.testng.reporters.JUnitReportReporter -->
<testsuite hostname="DESKTOP-1TOPEL2" failures="0" tests="2" name="testNGannotation.MethodExicution" time="0.013" errors="0" timestamp="2023-05-24T10:21:06 IST" skipped="0">
  <testcase classname="testNGannotation.MethodExicution" name="method1" time="0.012"/>
  <system-out>
    <![CDATA[1 : is the thread id of Method
method 1]]>
  </system-out>
  <testcase classname="testNGannotation.MethodExicution" name="method2" time="0.001"/>
  <system-out>
    <![CDATA[1 : is the thread id of method
method 2]]>
  </system-out>
</testsuite> <!-- testNGannotation.MethodExicution -->
