<?xml version="1.0" encoding="UTF-8"?>
<!-- Generated by org.testng.reporters.JUnitReportReporter -->
<testsuite hostname="DESKTOP-1TOPEL2" failures="0" tests="5" name="dynamicScreenShot.ActiTimeDataProvider" time="20.529" errors="0" timestamp="2023-05-30T10:34:22 IST" skipped="0">
  <testcase classname="dynamicScreenShot.ActiTimeDataProvider" name="loginInvalid" time="3.970"/>
  <system-out/>
  <testcase classname="dynamicScreenShot.ActiTimeDataProvider" name="loginInvalid" time="3.868"/>
  <system-out/>
  <testcase classname="dynamicScreenShot.ActiTimeDataProvider" name="loginInvalid" time="3.981"/>
  <system-out/>
  <testcase classname="dynamicScreenShot.ActiTimeDataProvider" name="loginInvalid" time="3.782"/>
  <system-out/>
  <testcase classname="dynamicScreenShot.ActiTimeDataProvider" name="loginInvalid" time="4.928"/>
  <system-out/>
</testsuite> <!-- dynamicScreenShot.ActiTimeDataProvider -->
