<?xml version="1.0" encoding="UTF-8"?>
<!-- Generated by org.testng.reporters.JUnitReportReporter -->
<testsuite hostname="DESKTOP-1TOPEL2" failures="0" tests="1" name="testNGFlags.Flag1" time="0.018" errors="0" timestamp="2023-05-26T09:53:40 IST" skipped="0">
  <testcase classname="testNGFlags.Flag1" name="method1" time="0.018"/>
  <system-out>
    <![CDATA[Method1 Login]]>
  </system-out>
</testsuite> <!-- testNGFlags.Flag1 -->
